2025-02-26 15:18:47,418 - INFO - Отправка запроса на: http://127.0.0.1:4010/send_sms
2025-02-26 15:18:47,418 - INFO - Отправляемые данные: {"sender": "+79990001122", "recipient": "+79990003344", "message": "\u041f\u0440\u0438\u0432\u0435\u0442!"}
2025-02-26 15:18:47,418 - INFO - Отправка запроса на сервер...
2025-02-26 15:18:47,436 - INFO - Получен ответ от сервера.
2025-02-26 15:18:47,436 - INFO - Сообщение успешно отправлено.
2025-02-26 15:18:47,436 - INFO - Код ответа от сервера: 200
2025-02-26 15:18:47,436 - INFO - Тело ответа: {"status":"success","message_id":"123456"}

2025-02-26 15:20:26,442 - INFO - Отправка запроса на: http://127.0.0.1:4010/send_sms
2025-02-26 15:20:26,442 - INFO - Отправляемые данные: {"sender": "+79990001122", "recipient": "+79990003344", "message": "Привет!"}
2025-02-26 15:20:26,442 - INFO - Отправка запроса на сервер...
2025-02-26 15:20:26,455 - INFO - Получен ответ от сервера.
2025-02-26 15:20:26,455 - INFO - Сообщение успешно отправлено.
2025-02-26 15:20:26,455 - INFO - Код ответа от сервера: 200
2025-02-26 15:20:26,455 - INFO - Тело ответа: {"status":"success","message_id":"123456"}

2025-02-26 15:31:06,769 - INFO - Отправка запроса на: http://127.0.0.1:4010/send_sms
2025-02-26 15:31:06,770 - INFO - Отправляемые данные: {"sender": "+79990001122", "recipient": "+79990003344", "message": "Привет!"}
2025-02-26 15:31:06,770 - INFO - Отправка запроса на сервер...
2025-02-26 15:31:06,784 - INFO - Получен ответ от сервера.
2025-02-26 15:31:06,784 - INFO - Сообщение успешно отправлено.
2025-02-26 15:31:06,784 - INFO - Код ответа от сервера: 200
2025-02-26 15:31:06,784 - INFO - Тело ответа: {"status":"success","message_id":"123456"}

2025-02-26 15:36:36,517 - INFO - Отправка запроса на: http://127.0.0.1:4010/send_sms
2025-02-26 15:36:36,517 - INFO - Отправляемые данные: {"sender": "+79990001122", "recipient": "+79990003344", "message": "Привет!"}
2025-02-26 15:36:36,518 - INFO - Отправка запроса на сервер...
2025-02-26 15:36:36,536 - INFO - Получен ответ от сервера.
2025-02-26 15:36:36,536 - INFO - Сообщение успешно отправлено.
2025-02-26 15:36:36,536 - INFO - Код ответа от сервера: 200
2025-02-26 15:36:36,536 - INFO - Тело ответа: {"status":"success","message_id":"123456"}

